[2020-07-14 23:36:01,192][__main__][INFO] - 
aug_n: 9
classifier:
  class: sklearn.svm.SVC
seed: 0
transforms:
- class: torchvision.transforms.RandomAffine
  params:
    degrees: 15
- class: torchvision.transforms.RandomAffine
  params:
    degrees: 0
    scale:
    - 0.8
    - 1.2
- class: torchvision.transforms.ToTensor
- class: torchvision.transforms.RandomErasing
  params:
    p: 0.5
    ratio:
    - 0.5
    - 2
    scale:
    - 0.1
    - 0.1
- class: torchvision.transforms.ToPILImage

[2020-07-14 23:36:01,193][__main__][INFO] - train_list, test_list
[2020-07-14 23:36:01,243][__main__][INFO] - len(train_list)=2000
[2020-07-14 23:36:01,243][__main__][INFO] - len(test_list)=10000
[2020-07-14 23:36:01,243][__main__][INFO] - train_images, test_images
[2020-07-14 23:36:01,553][__main__][INFO] - len(image_list)=2000
[2020-07-14 23:36:02,557][__main__][INFO] - len(image_list)=10000
[2020-07-14 23:36:02,557][__main__][INFO] - train_class, test_class
[2020-07-14 23:36:02,558][__main__][INFO] - len(class_list)=2000
[2020-07-14 23:36:02,559][__main__][INFO] - len(class_list)=10000
[2020-07-14 23:36:02,560][__main__][INFO] - transforms=Compose(
    RandomAffine(degrees=(-15, 15))
    RandomAffine(degrees=(0, 0), scale=[0.8, 1.2])
    ToTensor()
    <torchvision.transforms.transforms.RandomErasing object at 0x7fe297801e50>
    ToPILImage()
)
[2020-07-14 23:36:05,502][__main__][INFO] - len(image_list)=20000
[2020-07-14 23:36:05,502][__main__][INFO] - len(class_list)=20000
[2020-07-14 23:36:06,187][__main__][INFO] - classifier.fit
[2020-07-14 23:37:15,457][__main__][INFO] - classifier.predict
[2020-07-14 23:38:09,540][__main__][INFO] - confusion_matrix=
[[979   2   1   0   3   4   4   0   6   1]
 [  0 979   8   2   1   2   1   1   4   2]
 [  7   4 945   3  11   2   7   8  11   2]
 [  7   2  18 917   0  21   2   4  25   4]
 [  5   1   4   0 942   1  15   1   8  23]
 [  7   4   0  22   4 938  10   0   7   8]
 [ 11   1   1   0   3  14 965   0   5   0]
 [  2   9  13   5  11   0   1 931   7  21]
 [  4   4   5   8   1   9   5   2 954   8]
 [  3   1   1  12  21   2   1  16  25 918]]
[2020-07-14 23:38:09,541][__main__][INFO] - confusion_matrix_prob=
[[0.979 0.002 0.001 0.    0.003 0.004 0.004 0.    0.006 0.001]
 [0.    0.979 0.008 0.002 0.001 0.002 0.001 0.001 0.004 0.002]
 [0.007 0.004 0.945 0.003 0.011 0.002 0.007 0.008 0.011 0.002]
 [0.007 0.002 0.018 0.917 0.    0.021 0.002 0.004 0.025 0.004]
 [0.005 0.001 0.004 0.    0.942 0.001 0.015 0.001 0.008 0.023]
 [0.007 0.004 0.    0.022 0.004 0.938 0.01  0.    0.007 0.008]
 [0.011 0.001 0.001 0.    0.003 0.014 0.965 0.    0.005 0.   ]
 [0.002 0.009 0.013 0.005 0.011 0.    0.001 0.931 0.007 0.021]
 [0.004 0.004 0.005 0.008 0.001 0.009 0.005 0.002 0.954 0.008]
 [0.003 0.001 0.001 0.012 0.021 0.002 0.001 0.016 0.025 0.918]]
[2020-07-14 23:38:09,542][__main__][INFO] - ac_score=0.9468
[2020-07-14 23:38:09,542][__main__][INFO] - best  0: 0.979
[2020-07-14 23:38:09,543][__main__][INFO] - worst 3: 0.917
[2020-07-14 23:38:09,543][__main__][INFO] - max_index=(3, 8): 25
[2020-07-14 23:38:09,551][__main__][INFO] - classification_report=
              precision    recall  f1-score   support

           0     0.9551    0.9790    0.9669      1000
           1     0.9722    0.9790    0.9756      1000
           2     0.9488    0.9450    0.9469      1000
           3     0.9463    0.9170    0.9314      1000
           4     0.9448    0.9420    0.9434      1000
           5     0.9446    0.9380    0.9413      1000
           6     0.9545    0.9650    0.9597      1000
           7     0.9668    0.9310    0.9485      1000
           8     0.9068    0.9540    0.9298      1000
           9     0.9301    0.9180    0.9240      1000

    accuracy                         0.9468     10000
   macro avg     0.9470    0.9468    0.9468     10000
weighted avg     0.9470    0.9468    0.9468     10000

