[2020-07-14 19:43:48,333][__main__][INFO] - 
aug_n: 4
classifier:
  class: sklearn.svm.SVC
seed: 0
transforms:
- class: torchvision.transforms.RandomAffine
  params:
    degrees: 15

[2020-07-14 19:43:48,334][__main__][INFO] - train_list, test_list
[2020-07-14 19:43:48,385][__main__][INFO] - len(train_list)=2000
[2020-07-14 19:43:48,385][__main__][INFO] - len(test_list)=10000
[2020-07-14 19:43:48,385][__main__][INFO] - train_images, test_images
[2020-07-14 19:43:48,708][__main__][INFO] - len(image_list)=2000
[2020-07-14 19:43:49,673][__main__][INFO] - len(image_list)=10000
[2020-07-14 19:43:49,673][__main__][INFO] - train_class, test_class
[2020-07-14 19:43:49,673][__main__][INFO] - len(class_list)=2000
[2020-07-14 19:43:49,674][__main__][INFO] - len(class_list)=10000
[2020-07-14 19:43:49,674][__main__][INFO] - transforms=Compose(
    RandomAffine(degrees=(-15, 15))
)
[2020-07-14 19:43:49,991][__main__][INFO] - len(image_list)=10000
[2020-07-14 19:43:49,991][__main__][INFO] - len(class_list)=10000
[2020-07-14 19:43:50,543][__main__][INFO] - classifier.fit
[2020-07-14 19:44:04,696][__main__][INFO] - classifier.predict
[2020-07-14 19:44:28,196][__main__][INFO] - confusion_matrix=
[[966   0   4   1   4  12   9   0   4   0]
 [  0 984   7   2   1   1   1   1   3   0]
 [  4   6 930   4  19   4   6  10  14   3]
 [  3   4  21 901   1  30   5   9  19   7]
 [  3   2   1   0 955   0  10   1   2  26]
 [  3   4   0  24   0 944  14   0   5   6]
 [ 10   5   6   0   6  20 951   0   2   0]
 [  4  12  17   2  21   1   0 912   5  26]
 [  2   7   6  12   5  21   6   0 938   3]
 [  5   2   5  15  26   4   0  11  18 914]]
[2020-07-14 19:44:28,197][__main__][INFO] - confusion_matrix_prob=
[[0.966 0.    0.004 0.001 0.004 0.012 0.009 0.    0.004 0.   ]
 [0.    0.984 0.007 0.002 0.001 0.001 0.001 0.001 0.003 0.   ]
 [0.004 0.006 0.93  0.004 0.019 0.004 0.006 0.01  0.014 0.003]
 [0.003 0.004 0.021 0.901 0.001 0.03  0.005 0.009 0.019 0.007]
 [0.003 0.002 0.001 0.    0.955 0.    0.01  0.001 0.002 0.026]
 [0.003 0.004 0.    0.024 0.    0.944 0.014 0.    0.005 0.006]
 [0.01  0.005 0.006 0.    0.006 0.02  0.951 0.    0.002 0.   ]
 [0.004 0.012 0.017 0.002 0.021 0.001 0.    0.912 0.005 0.026]
 [0.002 0.007 0.006 0.012 0.005 0.021 0.006 0.    0.938 0.003]
 [0.005 0.002 0.005 0.015 0.026 0.004 0.    0.011 0.018 0.914]]
[2020-07-14 19:44:28,199][__main__][INFO] - ac_score=0.9395
[2020-07-14 19:44:28,199][__main__][INFO] - best  1: 0.984
[2020-07-14 19:44:28,199][__main__][INFO] - worst 3: 0.901
[2020-07-14 19:44:28,199][__main__][INFO] - max_index=(3, 5): 30
[2020-07-14 19:44:28,208][__main__][INFO] - classification_report=
              precision    recall  f1-score   support

           0     0.9660    0.9660    0.9660      1000
           1     0.9591    0.9840    0.9714      1000
           2     0.9328    0.9300    0.9314      1000
           3     0.9376    0.9010    0.9189      1000
           4     0.9200    0.9550    0.9372      1000
           5     0.9103    0.9440    0.9269      1000
           6     0.9491    0.9510    0.9500      1000
           7     0.9661    0.9120    0.9383      1000
           8     0.9287    0.9380    0.9333      1000
           9     0.9279    0.9140    0.9209      1000

    accuracy                         0.9395     10000
   macro avg     0.9398    0.9395    0.9394     10000
weighted avg     0.9398    0.9395    0.9394     10000

