[2020-07-15 01:48:54,320][__main__][INFO] - 
aug_n: 19
classifier:
  class: sklearn.svm.SVC
seed: 0
transforms:
- class: torchvision.transforms.RandomAffine
  params:
    degrees: 15
- class: torchvision.transforms.RandomAffine
  params:
    degrees: 0
    scale:
    - 0.8
    - 1.2
- class: torchvision.transforms.ToTensor
- class: torchvision.transforms.RandomErasing
  params:
    p: 0.2
    ratio:
    - 0.5
    - 2
    scale:
    - 0.1
    - 0.1
- class: torchvision.transforms.ToPILImage

[2020-07-15 01:48:54,320][__main__][INFO] - train_list, test_list
[2020-07-15 01:48:54,372][__main__][INFO] - len(train_list)=2000
[2020-07-15 01:48:54,372][__main__][INFO] - len(test_list)=10000
[2020-07-15 01:48:54,372][__main__][INFO] - train_images, test_images
[2020-07-15 01:48:54,686][__main__][INFO] - len(image_list)=2000
[2020-07-15 01:48:55,665][__main__][INFO] - len(image_list)=10000
[2020-07-15 01:48:55,665][__main__][INFO] - train_class, test_class
[2020-07-15 01:48:55,665][__main__][INFO] - len(class_list)=2000
[2020-07-15 01:48:55,666][__main__][INFO] - len(class_list)=10000
[2020-07-15 01:48:55,667][__main__][INFO] - transforms=Compose(
    RandomAffine(degrees=(-15, 15))
    RandomAffine(degrees=(0, 0), scale=[0.8, 1.2])
    ToTensor()
    <torchvision.transforms.transforms.RandomErasing object at 0x7f86efaeae50>
    ToPILImage()
)
[2020-07-15 01:49:01,573][__main__][INFO] - len(image_list)=40000
[2020-07-15 01:49:01,573][__main__][INFO] - len(class_list)=40000
[2020-07-15 01:49:02,513][__main__][INFO] - classifier.fit
[2020-07-15 01:52:02,174][__main__][INFO] - classifier.predict
[2020-07-15 01:53:22,544][__main__][INFO] - confusion_matrix=
[[978   2   1   0   5   4   5   0   5   0]
 [  0 984   7   2   1   0   1   1   3   1]
 [  6   3 946   3   9   2   6   7  15   3]
 [  6   1  16 918   0  26   2   5  24   2]
 [  8   1   3   0 946   0  16   1   5  20]
 [  4   2   1  14   1 959   9   0   4   6]
 [ 10   1   4   1   3   9 969   0   3   0]
 [  3   5  13   5  16   0   0 933   6  19]
 [  2   5   4  10   1   6   5   2 957   8]
 [  3   2   1   9  20   4   0   9  17 935]]
[2020-07-15 01:53:22,545][__main__][INFO] - confusion_matrix_prob=
[[0.978 0.002 0.001 0.    0.005 0.004 0.005 0.    0.005 0.   ]
 [0.    0.984 0.007 0.002 0.001 0.    0.001 0.001 0.003 0.001]
 [0.006 0.003 0.946 0.003 0.009 0.002 0.006 0.007 0.015 0.003]
 [0.006 0.001 0.016 0.918 0.    0.026 0.002 0.005 0.024 0.002]
 [0.008 0.001 0.003 0.    0.946 0.    0.016 0.001 0.005 0.02 ]
 [0.004 0.002 0.001 0.014 0.001 0.959 0.009 0.    0.004 0.006]
 [0.01  0.001 0.004 0.001 0.003 0.009 0.969 0.    0.003 0.   ]
 [0.003 0.005 0.013 0.005 0.016 0.    0.    0.933 0.006 0.019]
 [0.002 0.005 0.004 0.01  0.001 0.006 0.005 0.002 0.957 0.008]
 [0.003 0.002 0.001 0.009 0.02  0.004 0.    0.009 0.017 0.935]]
[2020-07-15 01:53:22,547][__main__][INFO] - ac_score=0.9525
[2020-07-15 01:53:22,547][__main__][INFO] - best  1: 0.984
[2020-07-15 01:53:22,547][__main__][INFO] - worst 3: 0.918
[2020-07-15 01:53:22,547][__main__][INFO] - max_index=(3, 5): 26
[2020-07-15 01:53:22,556][__main__][INFO] - classification_report=
              precision    recall  f1-score   support

           0     0.9588    0.9780    0.9683      1000
           1     0.9781    0.9840    0.9811      1000
           2     0.9498    0.9460    0.9479      1000
           3     0.9543    0.9180    0.9358      1000
           4     0.9441    0.9460    0.9451      1000
           5     0.9495    0.9590    0.9542      1000
           6     0.9566    0.9690    0.9627      1000
           7     0.9739    0.9330    0.9530      1000
           8     0.9211    0.9570    0.9387      1000
           9     0.9406    0.9350    0.9378      1000

    accuracy                         0.9525     10000
   macro avg     0.9527    0.9525    0.9525     10000
weighted avg     0.9527    0.9525    0.9525     10000

