[2020-07-14 20:06:14,197][__main__][INFO] - 
aug_n: 9
classifier:
  class: sklearn.svm.SVC
seed: 0
transforms:
- class: torchvision.transforms.RandomAffine
  params:
    degrees: 15
- class: torchvision.transforms.RandomAffine
  params:
    degrees: 0
    scale:
    - 0.9
    - 1.1

[2020-07-14 20:06:14,197][__main__][INFO] - train_list, test_list
[2020-07-14 20:06:14,247][__main__][INFO] - len(train_list)=2000
[2020-07-14 20:06:14,248][__main__][INFO] - len(test_list)=10000
[2020-07-14 20:06:14,248][__main__][INFO] - train_images, test_images
[2020-07-14 20:06:14,599][__main__][INFO] - len(image_list)=2000
[2020-07-14 20:06:15,557][__main__][INFO] - len(image_list)=10000
[2020-07-14 20:06:15,557][__main__][INFO] - train_class, test_class
[2020-07-14 20:06:15,558][__main__][INFO] - len(class_list)=2000
[2020-07-14 20:06:15,559][__main__][INFO] - len(class_list)=10000
[2020-07-14 20:06:15,559][__main__][INFO] - transforms=Compose(
    RandomAffine(degrees=(-15, 15))
    RandomAffine(degrees=(0, 0), scale=[0.9, 1.1])
)
[2020-07-14 20:06:16,843][__main__][INFO] - len(image_list)=20000
[2020-07-14 20:06:16,843][__main__][INFO] - len(class_list)=20000
[2020-07-14 20:06:17,507][__main__][INFO] - classifier.fit
[2020-07-14 20:07:02,647][__main__][INFO] - classifier.predict
[2020-07-14 20:07:43,065][__main__][INFO] - confusion_matrix=
[[974   0   2   1   5   7   8   0   2   1]
 [  0 985   8   1   1   1   1   1   2   0]
 [  3   4 945   3  16   3   7   6  12   1]
 [  4   3  19 918   0  26   3  10  14   3]
 [  4   2   2   0 945   1  10   1   6  29]
 [  5   4   0  27   1 947   9   0   6   1]
 [ 13   2   8   0   4  15 958   0   0   0]
 [  4   8  17   3  13   3   0 918   8  26]
 [  3   6   7  13   3  11   7   0 946   4]
 [  5   3   3  15  22   4   0   9  11 928]]
[2020-07-14 20:07:43,066][__main__][INFO] - confusion_matrix_prob=
[[0.974 0.    0.002 0.001 0.005 0.007 0.008 0.    0.002 0.001]
 [0.    0.985 0.008 0.001 0.001 0.001 0.001 0.001 0.002 0.   ]
 [0.003 0.004 0.945 0.003 0.016 0.003 0.007 0.006 0.012 0.001]
 [0.004 0.003 0.019 0.918 0.    0.026 0.003 0.01  0.014 0.003]
 [0.004 0.002 0.002 0.    0.945 0.001 0.01  0.001 0.006 0.029]
 [0.005 0.004 0.    0.027 0.001 0.947 0.009 0.    0.006 0.001]
 [0.013 0.002 0.008 0.    0.004 0.015 0.958 0.    0.    0.   ]
 [0.004 0.008 0.017 0.003 0.013 0.003 0.    0.918 0.008 0.026]
 [0.003 0.006 0.007 0.013 0.003 0.011 0.007 0.    0.946 0.004]
 [0.005 0.003 0.003 0.015 0.022 0.004 0.    0.009 0.011 0.928]]
[2020-07-14 20:07:43,067][__main__][INFO] - ac_score=0.9464
[2020-07-14 20:07:43,068][__main__][INFO] - best  1: 0.985
[2020-07-14 20:07:43,068][__main__][INFO] - worst 3: 0.918
[2020-07-14 20:07:43,068][__main__][INFO] - max_index=(4, 9): 29
[2020-07-14 20:07:43,076][__main__][INFO] - classification_report=
              precision    recall  f1-score   support

           0     0.9596    0.9740    0.9667      1000
           1     0.9685    0.9850    0.9767      1000
           2     0.9347    0.9450    0.9398      1000
           3     0.9358    0.9180    0.9268      1000
           4     0.9356    0.9450    0.9403      1000
           5     0.9303    0.9470    0.9386      1000
           6     0.9551    0.9580    0.9566      1000
           7     0.9714    0.9180    0.9440      1000
           8     0.9394    0.9460    0.9427      1000
           9     0.9345    0.9280    0.9313      1000

    accuracy                         0.9464     10000
   macro avg     0.9465    0.9464    0.9463     10000
weighted avg     0.9465    0.9464    0.9463     10000

