[2020-07-14 20:13:11,006][__main__][INFO] - 
aug_n: 9
classifier:
  class: sklearn.svm.SVC
seed: 0
transforms:
- class: torchvision.transforms.RandomAffine
  params:
    degrees: 15
- class: torchvision.transforms.RandomAffine
  params:
    degrees: 0
    scale:
    - 0.7
    - 1.3

[2020-07-14 20:13:11,006][__main__][INFO] - train_list, test_list
[2020-07-14 20:13:11,058][__main__][INFO] - len(train_list)=2000
[2020-07-14 20:13:11,058][__main__][INFO] - len(test_list)=10000
[2020-07-14 20:13:11,058][__main__][INFO] - train_images, test_images
[2020-07-14 20:13:11,397][__main__][INFO] - len(image_list)=2000
[2020-07-14 20:13:12,384][__main__][INFO] - len(image_list)=10000
[2020-07-14 20:13:12,384][__main__][INFO] - train_class, test_class
[2020-07-14 20:13:12,384][__main__][INFO] - len(class_list)=2000
[2020-07-14 20:13:12,385][__main__][INFO] - len(class_list)=10000
[2020-07-14 20:13:12,386][__main__][INFO] - transforms=Compose(
    RandomAffine(degrees=(-15, 15))
    RandomAffine(degrees=(0, 0), scale=[0.7, 1.3])
)
[2020-07-14 20:13:13,715][__main__][INFO] - len(image_list)=20000
[2020-07-14 20:13:13,716][__main__][INFO] - len(class_list)=20000
[2020-07-14 20:13:14,394][__main__][INFO] - classifier.fit
[2020-07-14 20:14:18,477][__main__][INFO] - classifier.predict
[2020-07-14 20:15:10,876][__main__][INFO] - confusion_matrix=
[[982   0   0   1   5   5   4   0   3   0]
 [  0 980   8   3   1   1   1   2   3   1]
 [  5   6 949   2  10   1   9   6  11   1]
 [  6   0  19 913   0  30   2  10  16   4]
 [  8   0   5   0 931   0  17   3   9  27]
 [  4   4   0  27   0 953   8   0   3   1]
 [  8   1   5   0   1  15 968   0   2   0]
 [  4   9  16   2  10   1   1 929   9  19]
 [  2   6   8  12   3  13   6   1 941   8]
 [  3   2   2  13  18   3   1  15  15 928]]
[2020-07-14 20:15:10,876][__main__][INFO] - confusion_matrix_prob=
[[0.982 0.    0.    0.001 0.005 0.005 0.004 0.    0.003 0.   ]
 [0.    0.98  0.008 0.003 0.001 0.001 0.001 0.002 0.003 0.001]
 [0.005 0.006 0.949 0.002 0.01  0.001 0.009 0.006 0.011 0.001]
 [0.006 0.    0.019 0.913 0.    0.03  0.002 0.01  0.016 0.004]
 [0.008 0.    0.005 0.    0.931 0.    0.017 0.003 0.009 0.027]
 [0.004 0.004 0.    0.027 0.    0.953 0.008 0.    0.003 0.001]
 [0.008 0.001 0.005 0.    0.001 0.015 0.968 0.    0.002 0.   ]
 [0.004 0.009 0.016 0.002 0.01  0.001 0.001 0.929 0.009 0.019]
 [0.002 0.006 0.008 0.012 0.003 0.013 0.006 0.001 0.941 0.008]
 [0.003 0.002 0.002 0.013 0.018 0.003 0.001 0.015 0.015 0.928]]
[2020-07-14 20:15:10,878][__main__][INFO] - ac_score=0.9474
[2020-07-14 20:15:10,878][__main__][INFO] - best  0: 0.982
[2020-07-14 20:15:10,878][__main__][INFO] - worst 3: 0.913
[2020-07-14 20:15:10,878][__main__][INFO] - max_index=(3, 5): 30
[2020-07-14 20:15:10,887][__main__][INFO] - classification_report=
              precision    recall  f1-score   support

           0     0.9609    0.9820    0.9713      1000
           1     0.9722    0.9800    0.9761      1000
           2     0.9377    0.9490    0.9433      1000
           3     0.9383    0.9130    0.9255      1000
           4     0.9510    0.9310    0.9409      1000
           5     0.9325    0.9530    0.9426      1000
           6     0.9518    0.9680    0.9598      1000
           7     0.9617    0.9290    0.9451      1000
           8     0.9298    0.9410    0.9354      1000
           9     0.9383    0.9280    0.9331      1000

    accuracy                         0.9474     10000
   macro avg     0.9474    0.9474    0.9473     10000
weighted avg     0.9474    0.9474    0.9473     10000

