[2020-07-14 23:33:17,959][__main__][INFO] - 
aug_n: 9
classifier:
  class: sklearn.svm.SVC
seed: 0
transforms:
- class: torchvision.transforms.RandomAffine
  params:
    degrees: 15
- class: torchvision.transforms.RandomAffine
  params:
    degrees: 0
    scale:
    - 0.8
    - 1.2
- class: torchvision.transforms.ToTensor
- class: torchvision.transforms.RandomErasing
  params:
    p: 0.2
    ratio:
    - 0.5
    - 2
    scale:
    - 0.1
    - 0.1
- class: torchvision.transforms.ToPILImage

[2020-07-14 23:33:17,960][__main__][INFO] - train_list, test_list
[2020-07-14 23:33:18,011][__main__][INFO] - len(train_list)=2000
[2020-07-14 23:33:18,011][__main__][INFO] - len(test_list)=10000
[2020-07-14 23:33:18,011][__main__][INFO] - train_images, test_images
[2020-07-14 23:33:18,296][__main__][INFO] - len(image_list)=2000
[2020-07-14 23:33:19,258][__main__][INFO] - len(image_list)=10000
[2020-07-14 23:33:19,258][__main__][INFO] - train_class, test_class
[2020-07-14 23:33:19,258][__main__][INFO] - len(class_list)=2000
[2020-07-14 23:33:19,260][__main__][INFO] - len(class_list)=10000
[2020-07-14 23:33:19,260][__main__][INFO] - transforms=Compose(
    RandomAffine(degrees=(-15, 15))
    RandomAffine(degrees=(0, 0), scale=[0.8, 1.2])
    ToTensor()
    <torchvision.transforms.transforms.RandomErasing object at 0x7f0b6e5e8e50>
    ToPILImage()
)
[2020-07-14 23:33:22,070][__main__][INFO] - len(image_list)=20000
[2020-07-14 23:33:22,070][__main__][INFO] - len(class_list)=20000
[2020-07-14 23:33:22,752][__main__][INFO] - classifier.fit
[2020-07-14 23:34:25,154][__main__][INFO] - classifier.predict
[2020-07-14 23:35:14,966][__main__][INFO] - confusion_matrix=
[[977   1   1   0   5   5   4   0   7   0]
 [  0 983   7   2   1   1   1   1   3   1]
 [  3   2 953   3   9   2   6   7  14   1]
 [  6   1  14 916   0  26   2   7  25   3]
 [  8   0   1   0 942   0  19   1   6  23]
 [  5   3   1  19   2 949   7   0   8   6]
 [ 12   2   7   0   1  13 963   0   2   0]
 [  4   8  12   4  13   0   1 930   6  22]
 [  2   4   2  10   2   6   5   1 963   5]
 [  4   1   2   9  22   4   0   9  25 924]]
[2020-07-14 23:35:14,967][__main__][INFO] - confusion_matrix_prob=
[[0.977 0.001 0.001 0.    0.005 0.005 0.004 0.    0.007 0.   ]
 [0.    0.983 0.007 0.002 0.001 0.001 0.001 0.001 0.003 0.001]
 [0.003 0.002 0.953 0.003 0.009 0.002 0.006 0.007 0.014 0.001]
 [0.006 0.001 0.014 0.916 0.    0.026 0.002 0.007 0.025 0.003]
 [0.008 0.    0.001 0.    0.942 0.    0.019 0.001 0.006 0.023]
 [0.005 0.003 0.001 0.019 0.002 0.949 0.007 0.    0.008 0.006]
 [0.012 0.002 0.007 0.    0.001 0.013 0.963 0.    0.002 0.   ]
 [0.004 0.008 0.012 0.004 0.013 0.    0.001 0.93  0.006 0.022]
 [0.002 0.004 0.002 0.01  0.002 0.006 0.005 0.001 0.963 0.005]
 [0.004 0.001 0.002 0.009 0.022 0.004 0.    0.009 0.025 0.924]]
[2020-07-14 23:35:14,969][__main__][INFO] - ac_score=0.95
[2020-07-14 23:35:14,969][__main__][INFO] - best  1: 0.983
[2020-07-14 23:35:14,969][__main__][INFO] - worst 3: 0.916
[2020-07-14 23:35:14,969][__main__][INFO] - max_index=(3, 5): 26
[2020-07-14 23:35:14,977][__main__][INFO] - classification_report=
              precision    recall  f1-score   support

           0     0.9569    0.9770    0.9668      1000
           1     0.9781    0.9830    0.9805      1000
           2     0.9530    0.9530    0.9530      1000
           3     0.9512    0.9160    0.9333      1000
           4     0.9448    0.9420    0.9434      1000
           5     0.9433    0.9490    0.9462      1000
           6     0.9554    0.9630    0.9592      1000
           7     0.9728    0.9300    0.9509      1000
           8     0.9093    0.9630    0.9354      1000
           9     0.9381    0.9240    0.9310      1000

    accuracy                         0.9500     10000
   macro avg     0.9503    0.9500    0.9500     10000
weighted avg     0.9503    0.9500    0.9500     10000

