[2020-07-14 19:54:10,461][__main__][INFO] - 
aug_n: 9
classifier:
  class: sklearn.svm.SVC
seed: 0
transforms:
- class: torchvision.transforms.RandomAffine
  params:
    degrees: 30

[2020-07-14 19:54:10,461][__main__][INFO] - train_list, test_list
[2020-07-14 19:54:10,512][__main__][INFO] - len(train_list)=2000
[2020-07-14 19:54:10,512][__main__][INFO] - len(test_list)=10000
[2020-07-14 19:54:10,512][__main__][INFO] - train_images, test_images
[2020-07-14 19:54:10,824][__main__][INFO] - len(image_list)=2000
[2020-07-14 19:54:11,770][__main__][INFO] - len(image_list)=10000
[2020-07-14 19:54:11,770][__main__][INFO] - train_class, test_class
[2020-07-14 19:54:11,770][__main__][INFO] - len(class_list)=2000
[2020-07-14 19:54:11,771][__main__][INFO] - len(class_list)=10000
[2020-07-14 19:54:11,772][__main__][INFO] - transforms=Compose(
    RandomAffine(degrees=(-30, 30))
)
[2020-07-14 19:54:12,441][__main__][INFO] - len(image_list)=20000
[2020-07-14 19:54:12,441][__main__][INFO] - len(class_list)=20000
[2020-07-14 19:54:13,098][__main__][INFO] - classifier.fit
[2020-07-14 19:55:05,494][__main__][INFO] - classifier.predict
[2020-07-14 19:55:52,171][__main__][INFO] - confusion_matrix=
[[971   0   1   0   7   8   7   0   5   1]
 [  0 985   7   1   2   0   1   0   3   1]
 [  4   5 929   2  19   3   7   9  18   4]
 [  3   3  14 925   0  24   6   9  14   2]
 [  2   3   3   0 952   2  11   1   3  23]
 [  2   2   0  22   2 941  22   0   4   5]
 [  8   3   7   0   6  17 958   0   1   0]
 [  3  10  16   4  17   1   0 906   7  36]
 [  1   7   4  12   9  13   8   1 939   6]
 [  4   2   5  10  26   3   0   9  12 929]]
[2020-07-14 19:55:52,172][__main__][INFO] - confusion_matrix_prob=
[[0.971 0.    0.001 0.    0.007 0.008 0.007 0.    0.005 0.001]
 [0.    0.985 0.007 0.001 0.002 0.    0.001 0.    0.003 0.001]
 [0.004 0.005 0.929 0.002 0.019 0.003 0.007 0.009 0.018 0.004]
 [0.003 0.003 0.014 0.925 0.    0.024 0.006 0.009 0.014 0.002]
 [0.002 0.003 0.003 0.    0.952 0.002 0.011 0.001 0.003 0.023]
 [0.002 0.002 0.    0.022 0.002 0.941 0.022 0.    0.004 0.005]
 [0.008 0.003 0.007 0.    0.006 0.017 0.958 0.    0.001 0.   ]
 [0.003 0.01  0.016 0.004 0.017 0.001 0.    0.906 0.007 0.036]
 [0.001 0.007 0.004 0.012 0.009 0.013 0.008 0.001 0.939 0.006]
 [0.004 0.002 0.005 0.01  0.026 0.003 0.    0.009 0.012 0.929]]
[2020-07-14 19:55:52,174][__main__][INFO] - ac_score=0.9435
[2020-07-14 19:55:52,174][__main__][INFO] - best  1: 0.985
[2020-07-14 19:55:52,174][__main__][INFO] - worst 7: 0.906
[2020-07-14 19:55:52,174][__main__][INFO] - max_index=(7, 9): 36
[2020-07-14 19:55:52,183][__main__][INFO] - classification_report=
              precision    recall  f1-score   support

           0     0.9729    0.9710    0.9720      1000
           1     0.9657    0.9850    0.9752      1000
           2     0.9422    0.9290    0.9355      1000
           3     0.9477    0.9250    0.9362      1000
           4     0.9154    0.9520    0.9333      1000
           5     0.9298    0.9410    0.9354      1000
           6     0.9392    0.9580    0.9485      1000
           7     0.9690    0.9060    0.9364      1000
           8     0.9334    0.9390    0.9362      1000
           9     0.9225    0.9290    0.9258      1000

    accuracy                         0.9435     10000
   macro avg     0.9438    0.9435    0.9435     10000
weighted avg     0.9438    0.9435    0.9435     10000

