[2020-07-14 19:47:47,414][__main__][INFO] - 
aug_n: 9
classifier:
  class: sklearn.svm.SVC
seed: 0
transforms:
- class: torchvision.transforms.RandomAffine
  params:
    degrees: 15

[2020-07-14 19:47:47,414][__main__][INFO] - train_list, test_list
[2020-07-14 19:47:47,465][__main__][INFO] - len(train_list)=2000
[2020-07-14 19:47:47,465][__main__][INFO] - len(test_list)=10000
[2020-07-14 19:47:47,465][__main__][INFO] - train_images, test_images
[2020-07-14 19:47:47,741][__main__][INFO] - len(image_list)=2000
[2020-07-14 19:47:48,669][__main__][INFO] - len(image_list)=10000
[2020-07-14 19:47:48,669][__main__][INFO] - train_class, test_class
[2020-07-14 19:47:48,670][__main__][INFO] - len(class_list)=2000
[2020-07-14 19:47:48,671][__main__][INFO] - len(class_list)=10000
[2020-07-14 19:47:48,671][__main__][INFO] - transforms=Compose(
    RandomAffine(degrees=(-15, 15))
)
[2020-07-14 19:47:49,333][__main__][INFO] - len(image_list)=20000
[2020-07-14 19:47:49,333][__main__][INFO] - len(class_list)=20000
[2020-07-14 19:47:49,973][__main__][INFO] - classifier.fit
[2020-07-14 19:48:29,527][__main__][INFO] - classifier.predict
[2020-07-14 19:49:06,619][__main__][INFO] - confusion_matrix=
[[968   0   4   1   5   9   8   0   4   1]
 [  0 986   7   2   2   1   1   0   1   0]
 [  4   6 935   1  19   3   6   8  15   3]
 [  4   4  19 907   0  27   5   9  19   6]
 [  3   2   1   0 963   1   9   1   1  19]
 [  3   3   0  23   0 945  17   0   5   4]
 [ 11   2   7   0   6  18 954   0   2   0]
 [  4  10  18   4  18   2   0 916   5  23]
 [  3   8   8  12   5  15   6   0 940   3]
 [  5   2   5  12  28   4   0  10  16 918]]
[2020-07-14 19:49:06,620][__main__][INFO] - confusion_matrix_prob=
[[0.968 0.    0.004 0.001 0.005 0.009 0.008 0.    0.004 0.001]
 [0.    0.986 0.007 0.002 0.002 0.001 0.001 0.    0.001 0.   ]
 [0.004 0.006 0.935 0.001 0.019 0.003 0.006 0.008 0.015 0.003]
 [0.004 0.004 0.019 0.907 0.    0.027 0.005 0.009 0.019 0.006]
 [0.003 0.002 0.001 0.    0.963 0.001 0.009 0.001 0.001 0.019]
 [0.003 0.003 0.    0.023 0.    0.945 0.017 0.    0.005 0.004]
 [0.011 0.002 0.007 0.    0.006 0.018 0.954 0.    0.002 0.   ]
 [0.004 0.01  0.018 0.004 0.018 0.002 0.    0.916 0.005 0.023]
 [0.003 0.008 0.008 0.012 0.005 0.015 0.006 0.    0.94  0.003]
 [0.005 0.002 0.005 0.012 0.028 0.004 0.    0.01  0.016 0.918]]
[2020-07-14 19:49:06,622][__main__][INFO] - ac_score=0.9432
[2020-07-14 19:49:06,622][__main__][INFO] - best  1: 0.986
[2020-07-14 19:49:06,622][__main__][INFO] - worst 3: 0.907
[2020-07-14 19:49:06,622][__main__][INFO] - max_index=(9, 4): 28
[2020-07-14 19:49:06,631][__main__][INFO] - classification_report=
              precision    recall  f1-score   support

           0     0.9632    0.9680    0.9656      1000
           1     0.9638    0.9860    0.9748      1000
           2     0.9313    0.9350    0.9331      1000
           3     0.9428    0.9070    0.9246      1000
           4     0.9207    0.9630    0.9413      1000
           5     0.9220    0.9450    0.9333      1000
           6     0.9483    0.9540    0.9511      1000
           7     0.9703    0.9160    0.9424      1000
           8     0.9325    0.9400    0.9363      1000
           9     0.9396    0.9180    0.9287      1000

    accuracy                         0.9432     10000
   macro avg     0.9435    0.9432    0.9431     10000
weighted avg     0.9435    0.9432    0.9431     10000

