[2020-07-14 23:44:42,197][__main__][INFO] - 
aug_n: 9
classifier:
  class: sklearn.svm.SVC
seed: 0
transforms:
- class: torchvision.transforms.RandomAffine
  params:
    degrees: 15
- class: torchvision.transforms.RandomAffine
  params:
    degrees: 0
    scale:
    - 0.8
    - 1.2
- class: torchvision.transforms.ToTensor
- class: torchvision.transforms.RandomErasing
  params:
    p: 0.1
    ratio:
    - 0.5
    - 2
    scale:
    - 0.1
    - 0.1
- class: torchvision.transforms.ToPILImage

[2020-07-14 23:44:42,197][__main__][INFO] - train_list, test_list
[2020-07-14 23:44:42,248][__main__][INFO] - len(train_list)=2000
[2020-07-14 23:44:42,248][__main__][INFO] - len(test_list)=10000
[2020-07-14 23:44:42,248][__main__][INFO] - train_images, test_images
[2020-07-14 23:44:42,549][__main__][INFO] - len(image_list)=2000
[2020-07-14 23:44:43,492][__main__][INFO] - len(image_list)=10000
[2020-07-14 23:44:43,492][__main__][INFO] - train_class, test_class
[2020-07-14 23:44:43,493][__main__][INFO] - len(class_list)=2000
[2020-07-14 23:44:43,494][__main__][INFO] - len(class_list)=10000
[2020-07-14 23:44:43,495][__main__][INFO] - transforms=Compose(
    RandomAffine(degrees=(-15, 15))
    RandomAffine(degrees=(0, 0), scale=[0.8, 1.2])
    ToTensor()
    <torchvision.transforms.transforms.RandomErasing object at 0x7f13ff9f2e50>
    ToPILImage()
)
[2020-07-14 23:44:46,238][__main__][INFO] - len(image_list)=20000
[2020-07-14 23:44:46,239][__main__][INFO] - len(class_list)=20000
[2020-07-14 23:44:46,931][__main__][INFO] - classifier.fit
[2020-07-14 23:45:43,960][__main__][INFO] - classifier.predict
[2020-07-14 23:46:31,757][__main__][INFO] - confusion_matrix=
[[982   1   0   0   5   4   4   0   4   0]
 [  0 982   8   1   1   0   1   1   5   1]
 [  6   5 949   3  10   1   7   5  12   2]
 [  5   3  20 915   0  24   2   5  22   4]
 [  5   1   4   0 943   0  17   1   7  22]
 [  3   4   1  24   0 950  10   0   5   3]
 [ 11   2   6   1   2  10 967   0   1   0]
 [  4   5  13   6  13   1   0 933   8  17]
 [  1   5   4  13   1  12   6   2 951   5]
 [  4   3   3  13  17   4   0  11  16 929]]
[2020-07-14 23:46:31,758][__main__][INFO] - confusion_matrix_prob=
[[0.982 0.001 0.    0.    0.005 0.004 0.004 0.    0.004 0.   ]
 [0.    0.982 0.008 0.001 0.001 0.    0.001 0.001 0.005 0.001]
 [0.006 0.005 0.949 0.003 0.01  0.001 0.007 0.005 0.012 0.002]
 [0.005 0.003 0.02  0.915 0.    0.024 0.002 0.005 0.022 0.004]
 [0.005 0.001 0.004 0.    0.943 0.    0.017 0.001 0.007 0.022]
 [0.003 0.004 0.001 0.024 0.    0.95  0.01  0.    0.005 0.003]
 [0.011 0.002 0.006 0.001 0.002 0.01  0.967 0.    0.001 0.   ]
 [0.004 0.005 0.013 0.006 0.013 0.001 0.    0.933 0.008 0.017]
 [0.001 0.005 0.004 0.013 0.001 0.012 0.006 0.002 0.951 0.005]
 [0.004 0.003 0.003 0.013 0.017 0.004 0.    0.011 0.016 0.929]]
[2020-07-14 23:46:31,759][__main__][INFO] - ac_score=0.9501
[2020-07-14 23:46:31,759][__main__][INFO] - best  0: 0.982
[2020-07-14 23:46:31,760][__main__][INFO] - worst 3: 0.915
[2020-07-14 23:46:31,760][__main__][INFO] - max_index=(3, 5): 24
[2020-07-14 23:46:31,768][__main__][INFO] - classification_report=
              precision    recall  f1-score   support

           0     0.9618    0.9820    0.9718      1000
           1     0.9713    0.9820    0.9766      1000
           2     0.9415    0.9490    0.9452      1000
           3     0.9375    0.9150    0.9261      1000
           4     0.9506    0.9430    0.9468      1000
           5     0.9443    0.9500    0.9472      1000
           6     0.9536    0.9670    0.9603      1000
           7     0.9739    0.9330    0.9530      1000
           8     0.9224    0.9510    0.9365      1000
           9     0.9451    0.9290    0.9370      1000

    accuracy                         0.9501     10000
   macro avg     0.9502    0.9501    0.9500     10000
weighted avg     0.9502    0.9501    0.9500     10000

