[2020-07-14 21:19:50,112][__main__][INFO] - 
aug_n: 9
classifier:
  class: sklearn.svm.SVC
seed: 0
transforms:
- class: torchvision.transforms.RandomAffine
  params:
    degrees: 15
- class: torchvision.transforms.RandomAffine
  params:
    degrees: 0
    scale:
    - 0.9
    - 1.2

[2020-07-14 21:19:50,112][__main__][INFO] - train_list, test_list
[2020-07-14 21:19:50,163][__main__][INFO] - len(train_list)=2000
[2020-07-14 21:19:50,163][__main__][INFO] - len(test_list)=10000
[2020-07-14 21:19:50,163][__main__][INFO] - train_images, test_images
[2020-07-14 21:19:50,430][__main__][INFO] - len(image_list)=2000
[2020-07-14 21:19:51,351][__main__][INFO] - len(image_list)=10000
[2020-07-14 21:19:51,351][__main__][INFO] - train_class, test_class
[2020-07-14 21:19:51,352][__main__][INFO] - len(class_list)=2000
[2020-07-14 21:19:51,353][__main__][INFO] - len(class_list)=10000
[2020-07-14 21:19:51,353][__main__][INFO] - transforms=Compose(
    RandomAffine(degrees=(-15, 15))
    RandomAffine(degrees=(0, 0), scale=[0.9, 1.2])
)
[2020-07-14 21:19:52,607][__main__][INFO] - len(image_list)=20000
[2020-07-14 21:19:52,607][__main__][INFO] - len(class_list)=20000
[2020-07-14 21:19:53,259][__main__][INFO] - classifier.fit
[2020-07-14 21:20:43,280][__main__][INFO] - classifier.predict
[2020-07-14 21:21:27,072][__main__][INFO] - confusion_matrix=
[[975   0   2   1   6   7   4   0   4   1]
 [  0 985   8   1   1   1   1   1   2   0]
 [  4   2 940   2  17   3   5   8  16   3]
 [  4   3  17 909   0  32   3  12  16   4]
 [  4   2   0   0 954   1   9   1   7  22]
 [  3   6   0  19   1 948  16   0   6   1]
 [  8   2   7   0   6  14 962   0   1   0]
 [  3   8   5   5  18   2   0 929   7  23]
 [  2   8   2  12   2  11   7   2 948   6]
 [  2   3   3  14  20   6   0  11  11 930]]
[2020-07-14 21:21:27,073][__main__][INFO] - confusion_matrix_prob=
[[0.975 0.    0.002 0.001 0.006 0.007 0.004 0.    0.004 0.001]
 [0.    0.985 0.008 0.001 0.001 0.001 0.001 0.001 0.002 0.   ]
 [0.004 0.002 0.94  0.002 0.017 0.003 0.005 0.008 0.016 0.003]
 [0.004 0.003 0.017 0.909 0.    0.032 0.003 0.012 0.016 0.004]
 [0.004 0.002 0.    0.    0.954 0.001 0.009 0.001 0.007 0.022]
 [0.003 0.006 0.    0.019 0.001 0.948 0.016 0.    0.006 0.001]
 [0.008 0.002 0.007 0.    0.006 0.014 0.962 0.    0.001 0.   ]
 [0.003 0.008 0.005 0.005 0.018 0.002 0.    0.929 0.007 0.023]
 [0.002 0.008 0.002 0.012 0.002 0.011 0.007 0.002 0.948 0.006]
 [0.002 0.003 0.003 0.014 0.02  0.006 0.    0.011 0.011 0.93 ]]
[2020-07-14 21:21:27,075][__main__][INFO] - ac_score=0.948
[2020-07-14 21:21:27,075][__main__][INFO] - best  1: 0.985
[2020-07-14 21:21:27,075][__main__][INFO] - worst 3: 0.909
[2020-07-14 21:21:27,075][__main__][INFO] - max_index=(3, 5): 32
[2020-07-14 21:21:27,083][__main__][INFO] - classification_report=
              precision    recall  f1-score   support

           0     0.9701    0.9750    0.9726      1000
           1     0.9666    0.9850    0.9757      1000
           2     0.9553    0.9400    0.9476      1000
           3     0.9439    0.9090    0.9261      1000
           4     0.9307    0.9540    0.9422      1000
           5     0.9249    0.9480    0.9363      1000
           6     0.9553    0.9620    0.9586      1000
           7     0.9637    0.9290    0.9460      1000
           8     0.9312    0.9480    0.9395      1000
           9     0.9394    0.9300    0.9347      1000

    accuracy                         0.9480     10000
   macro avg     0.9481    0.9480    0.9479     10000
weighted avg     0.9481    0.9480    0.9479     10000

