[2020-07-14 23:39:32,555][__main__][INFO] - 
aug_n: 9
classifier:
  class: sklearn.svm.SVC
seed: 0
transforms:
- class: torchvision.transforms.RandomAffine
  params:
    degrees: 15
- class: torchvision.transforms.RandomAffine
  params:
    degrees: 0
    scale:
    - 0.8
    - 1.2
- class: torchvision.transforms.ToTensor
- class: torchvision.transforms.RandomErasing
  params:
    p: 0.2
    ratio:
    - 0.5
    - 2
    scale:
    - 0.2
    - 0.2
- class: torchvision.transforms.ToPILImage

[2020-07-14 23:39:32,555][__main__][INFO] - train_list, test_list
[2020-07-14 23:39:32,606][__main__][INFO] - len(train_list)=2000
[2020-07-14 23:39:32,606][__main__][INFO] - len(test_list)=10000
[2020-07-14 23:39:32,606][__main__][INFO] - train_images, test_images
[2020-07-14 23:39:32,892][__main__][INFO] - len(image_list)=2000
[2020-07-14 23:39:33,843][__main__][INFO] - len(image_list)=10000
[2020-07-14 23:39:33,843][__main__][INFO] - train_class, test_class
[2020-07-14 23:39:33,843][__main__][INFO] - len(class_list)=2000
[2020-07-14 23:39:33,845][__main__][INFO] - len(class_list)=10000
[2020-07-14 23:39:33,845][__main__][INFO] - transforms=Compose(
    RandomAffine(degrees=(-15, 15))
    RandomAffine(degrees=(0, 0), scale=[0.8, 1.2])
    ToTensor()
    <torchvision.transforms.transforms.RandomErasing object at 0x7f9331013e50>
    ToPILImage()
)
[2020-07-14 23:39:36,673][__main__][INFO] - len(image_list)=20000
[2020-07-14 23:39:36,673][__main__][INFO] - len(class_list)=20000
[2020-07-14 23:39:37,367][__main__][INFO] - classifier.fit
[2020-07-14 23:40:47,703][__main__][INFO] - classifier.predict
[2020-07-14 23:41:40,121][__main__][INFO] - confusion_matrix=
[[978   2   1   0   5   5   3   0   5   1]
 [  0 979   7   5   1   0   1   1   5   1]
 [  5   1 944   5  10   1   9   7  16   2]
 [  6   3  15 916   1  23   2   5  25   4]
 [  5   1   3   0 953   1  14   1   3  19]
 [  8   2   0  25   3 937   7   1   7  10]
 [ 10   2   5   1   4  15 961   0   2   0]
 [  4   6  11   5  14   0   0 933   8  19]
 [  3   5   5  14   2  11   3   1 945  11]
 [  3   1   2  13  23   1   0  15  24 918]]
[2020-07-14 23:41:40,122][__main__][INFO] - confusion_matrix_prob=
[[0.978 0.002 0.001 0.    0.005 0.005 0.003 0.    0.005 0.001]
 [0.    0.979 0.007 0.005 0.001 0.    0.001 0.001 0.005 0.001]
 [0.005 0.001 0.944 0.005 0.01  0.001 0.009 0.007 0.016 0.002]
 [0.006 0.003 0.015 0.916 0.001 0.023 0.002 0.005 0.025 0.004]
 [0.005 0.001 0.003 0.    0.953 0.001 0.014 0.001 0.003 0.019]
 [0.008 0.002 0.    0.025 0.003 0.937 0.007 0.001 0.007 0.01 ]
 [0.01  0.002 0.005 0.001 0.004 0.015 0.961 0.    0.002 0.   ]
 [0.004 0.006 0.011 0.005 0.014 0.    0.    0.933 0.008 0.019]
 [0.003 0.005 0.005 0.014 0.002 0.011 0.003 0.001 0.945 0.011]
 [0.003 0.001 0.002 0.013 0.023 0.001 0.    0.015 0.024 0.918]]
[2020-07-14 23:41:40,124][__main__][INFO] - ac_score=0.9464
[2020-07-14 23:41:40,124][__main__][INFO] - best  1: 0.979
[2020-07-14 23:41:40,124][__main__][INFO] - worst 3: 0.916
[2020-07-14 23:41:40,124][__main__][INFO] - max_index=(3, 8): 25
[2020-07-14 23:41:40,133][__main__][INFO] - classification_report=
              precision    recall  f1-score   support

           0     0.9569    0.9780    0.9674      1000
           1     0.9770    0.9790    0.9780      1000
           2     0.9507    0.9440    0.9473      1000
           3     0.9309    0.9160    0.9234      1000
           4     0.9380    0.9530    0.9454      1000
           5     0.9427    0.9370    0.9398      1000
           6     0.9610    0.9610    0.9610      1000
           7     0.9678    0.9330    0.9501      1000
           8     0.9087    0.9450    0.9265      1000
           9     0.9320    0.9180    0.9249      1000

    accuracy                         0.9464     10000
   macro avg     0.9466    0.9464    0.9464     10000
weighted avg     0.9466    0.9464    0.9464     10000

