[2020-07-14 23:08:01,366][__main__][INFO] - 
aug_n: 9
classifier:
  class: sklearn.svm.SVC
seed: 0
transforms:
- class: torchvision.transforms.RandomAffine
  params:
    degrees: 15
- class: torchvision.transforms.RandomAffine
  params:
    degrees: 0
    scale:
    - 0.8
    - 1.3

[2020-07-14 23:08:01,366][__main__][INFO] - train_list, test_list
[2020-07-14 23:08:01,420][__main__][INFO] - len(train_list)=2000
[2020-07-14 23:08:01,420][__main__][INFO] - len(test_list)=10000
[2020-07-14 23:08:01,420][__main__][INFO] - train_images, test_images
[2020-07-14 23:08:01,765][__main__][INFO] - len(image_list)=2000
[2020-07-14 23:08:02,738][__main__][INFO] - len(image_list)=10000
[2020-07-14 23:08:02,738][__main__][INFO] - train_class, test_class
[2020-07-14 23:08:02,739][__main__][INFO] - len(class_list)=2000
[2020-07-14 23:08:02,740][__main__][INFO] - len(class_list)=10000
[2020-07-14 23:08:02,741][__main__][INFO] - transforms=Compose(
    RandomAffine(degrees=(-15, 15))
    RandomAffine(degrees=(0, 0), scale=[0.8, 1.3])
)
[2020-07-14 23:08:04,003][__main__][INFO] - len(image_list)=20000
[2020-07-14 23:08:04,003][__main__][INFO] - len(class_list)=20000
[2020-07-14 23:08:04,652][__main__][INFO] - classifier.fit
[2020-07-14 23:09:05,186][__main__][INFO] - classifier.predict
[2020-07-14 23:09:56,858][__main__][INFO] - confusion_matrix=
[[979   0   0   2   5   6   6   0   1   1]
 [  0 984   8   1   1   1   1   2   1   1]
 [  4   4 941   2  12   4   9   9  13   2]
 [  5   0  21 915   0  28   2  11  15   3]
 [  3   1   3   0 942   1  13   1  11  25]
 [  3   4   0  25   1 951   9   0   7   0]
 [ 10   2   9   0   4  13 961   0   1   0]
 [  4   9  11   4  14   2   0 927   8  21]
 [  3   8   5  13   2  14   6   0 939  10]
 [  3   3   3  14  21   4   0  10  15 927]]
[2020-07-14 23:09:56,858][__main__][INFO] - confusion_matrix_prob=
[[0.979 0.    0.    0.002 0.005 0.006 0.006 0.    0.001 0.001]
 [0.    0.984 0.008 0.001 0.001 0.001 0.001 0.002 0.001 0.001]
 [0.004 0.004 0.941 0.002 0.012 0.004 0.009 0.009 0.013 0.002]
 [0.005 0.    0.021 0.915 0.    0.028 0.002 0.011 0.015 0.003]
 [0.003 0.001 0.003 0.    0.942 0.001 0.013 0.001 0.011 0.025]
 [0.003 0.004 0.    0.025 0.001 0.951 0.009 0.    0.007 0.   ]
 [0.01  0.002 0.009 0.    0.004 0.013 0.961 0.    0.001 0.   ]
 [0.004 0.009 0.011 0.004 0.014 0.002 0.    0.927 0.008 0.021]
 [0.003 0.008 0.005 0.013 0.002 0.014 0.006 0.    0.939 0.01 ]
 [0.003 0.003 0.003 0.014 0.021 0.004 0.    0.01  0.015 0.927]]
[2020-07-14 23:09:56,860][__main__][INFO] - ac_score=0.9466
[2020-07-14 23:09:56,860][__main__][INFO] - best  1: 0.984
[2020-07-14 23:09:56,860][__main__][INFO] - worst 3: 0.915
[2020-07-14 23:09:56,860][__main__][INFO] - max_index=(3, 5): 28
[2020-07-14 23:09:56,869][__main__][INFO] - classification_report=
              precision    recall  f1-score   support

           0     0.9655    0.9790    0.9722      1000
           1     0.9695    0.9840    0.9767      1000
           2     0.9401    0.9410    0.9405      1000
           3     0.9375    0.9150    0.9261      1000
           4     0.9401    0.9420    0.9411      1000
           5     0.9287    0.9510    0.9397      1000
           6     0.9543    0.9610    0.9576      1000
           7     0.9656    0.9270    0.9459      1000
           8     0.9288    0.9390    0.9339      1000
           9     0.9364    0.9270    0.9317      1000

    accuracy                         0.9466     10000
   macro avg     0.9466    0.9466    0.9465     10000
weighted avg     0.9466    0.9466    0.9465     10000

