[2020-07-15 02:11:12,296][__main__][INFO] - 
aug_n: 19
classifier:
  class: sklearn.svm.SVC
seed: 0
transforms:
- class: torchvision.transforms.RandomAffine
  params:
    degrees: 15
- class: torchvision.transforms.RandomAffine
  params:
    degrees: 0
    translate:
    - 0.2
    - 0.2
- class: torchvision.transforms.RandomAffine
  params:
    degrees: 0
    scale:
    - 0.8
    - 1.2
- class: torchvision.transforms.ToTensor
- class: torchvision.transforms.ToPILImage

[2020-07-15 02:11:12,297][__main__][INFO] - train_list, test_list
[2020-07-15 02:11:12,348][__main__][INFO] - len(train_list)=2000
[2020-07-15 02:11:12,348][__main__][INFO] - len(test_list)=10000
[2020-07-15 02:11:12,348][__main__][INFO] - train_images, test_images
[2020-07-15 02:11:12,712][__main__][INFO] - len(image_list)=2000
[2020-07-15 02:11:13,702][__main__][INFO] - len(image_list)=10000
[2020-07-15 02:11:13,702][__main__][INFO] - train_class, test_class
[2020-07-15 02:11:13,702][__main__][INFO] - len(class_list)=2000
[2020-07-15 02:11:13,703][__main__][INFO] - len(class_list)=10000
[2020-07-15 02:11:13,704][__main__][INFO] - transforms=Compose(
    RandomAffine(degrees=(-15, 15))
    RandomAffine(degrees=(0, 0), translate=[0.2, 0.2])
    RandomAffine(degrees=(0, 0), scale=[0.8, 1.2])
    ToTensor()
    ToPILImage()
)
[2020-07-15 02:11:21,306][__main__][INFO] - len(image_list)=40000
[2020-07-15 02:11:21,306][__main__][INFO] - len(class_list)=40000
[2020-07-15 02:11:22,228][__main__][INFO] - classifier.fit
[2020-07-15 02:22:25,879][__main__][INFO] - classifier.predict
[2020-07-15 02:25:25,058][__main__][INFO] - confusion_matrix=
[[963   1   0   0   5   9   6   0  15   1]
 [  0 980  10   6   1   0   0   0   3   0]
 [  3   1 948   3   4   3   3   7  21   7]
 [  2   5  17 924   0  20   0  10  17   5]
 [  2   2   1   0 900   2  27   5  25  36]
 [  5   2   2  28   2 936   6   0  13   6]
 [ 12   3   0   0   7  11 959   0   8   0]
 [  1   9  14   7  12   4   0 903   9  41]
 [  5   3   4   7   3  25   7   0 938   8]
 [  5   3   0  17   7   5   1  19  32 911]]
[2020-07-15 02:25:25,059][__main__][INFO] - confusion_matrix_prob=
[[0.963 0.001 0.    0.    0.005 0.009 0.006 0.    0.015 0.001]
 [0.    0.98  0.01  0.006 0.001 0.    0.    0.    0.003 0.   ]
 [0.003 0.001 0.948 0.003 0.004 0.003 0.003 0.007 0.021 0.007]
 [0.002 0.005 0.017 0.924 0.    0.02  0.    0.01  0.017 0.005]
 [0.002 0.002 0.001 0.    0.9   0.002 0.027 0.005 0.025 0.036]
 [0.005 0.002 0.002 0.028 0.002 0.936 0.006 0.    0.013 0.006]
 [0.012 0.003 0.    0.    0.007 0.011 0.959 0.    0.008 0.   ]
 [0.001 0.009 0.014 0.007 0.012 0.004 0.    0.903 0.009 0.041]
 [0.005 0.003 0.004 0.007 0.003 0.025 0.007 0.    0.938 0.008]
 [0.005 0.003 0.    0.017 0.007 0.005 0.001 0.019 0.032 0.911]]
[2020-07-15 02:25:25,060][__main__][INFO] - ac_score=0.9362
[2020-07-15 02:25:25,060][__main__][INFO] - best  1: 0.98
[2020-07-15 02:25:25,060][__main__][INFO] - worst 4: 0.9
[2020-07-15 02:25:25,061][__main__][INFO] - max_index=(7, 9): 41
[2020-07-15 02:25:25,069][__main__][INFO] - classification_report=
              precision    recall  f1-score   support

           0     0.9649    0.9630    0.9640      1000
           1     0.9713    0.9800    0.9756      1000
           2     0.9518    0.9480    0.9499      1000
           3     0.9315    0.9240    0.9277      1000
           4     0.9564    0.9000    0.9274      1000
           5     0.9222    0.9360    0.9290      1000
           6     0.9504    0.9590    0.9547      1000
           7     0.9566    0.9030    0.9290      1000
           8     0.8677    0.9380    0.9015      1000
           9     0.8975    0.9110    0.9042      1000

    accuracy                         0.9362     10000
   macro avg     0.9370    0.9362    0.9363     10000
weighted avg     0.9370    0.9362    0.9363     10000

