[2020-07-15 00:36:54,028][__main__][INFO] - 
aug_n: 9
classifier:
  class: sklearn.svm.SVC
seed: 0
transforms:
- class: torchvision.transforms.RandomAffine
  params:
    degrees: 10
    shear: 5
- class: torchvision.transforms.RandomAffine
  params:
    degrees: 0
    scale:
    - 0.8
    - 1.2
- class: torchvision.transforms.ToTensor
- class: torchvision.transforms.ToPILImage

[2020-07-15 00:36:54,029][__main__][INFO] - train_list, test_list
[2020-07-15 00:36:54,080][__main__][INFO] - len(train_list)=2000
[2020-07-15 00:36:54,080][__main__][INFO] - len(test_list)=10000
[2020-07-15 00:36:54,080][__main__][INFO] - train_images, test_images
[2020-07-15 00:36:54,426][__main__][INFO] - len(image_list)=2000
[2020-07-15 00:36:55,450][__main__][INFO] - len(image_list)=10000
[2020-07-15 00:36:55,450][__main__][INFO] - train_class, test_class
[2020-07-15 00:36:55,451][__main__][INFO] - len(class_list)=2000
[2020-07-15 00:36:55,452][__main__][INFO] - len(class_list)=10000
[2020-07-15 00:36:55,453][__main__][INFO] - transforms=Compose(
    RandomAffine(degrees=(-10, 10), shear=(-5, 5))
    RandomAffine(degrees=(0, 0), scale=[0.8, 1.2])
    ToTensor()
    ToPILImage()
)
[2020-07-15 00:36:58,125][__main__][INFO] - len(image_list)=20000
[2020-07-15 00:36:58,125][__main__][INFO] - len(class_list)=20000
[2020-07-15 00:36:58,831][__main__][INFO] - classifier.fit
[2020-07-15 00:37:49,531][__main__][INFO] - classifier.predict
[2020-07-15 00:38:33,408][__main__][INFO] - confusion_matrix=
[[981   0   1   2   4   5   4   0   2   1]
 [  0 982   8   2   1   1   1   2   2   1]
 [  4   2 942   1  15   1  10  10  13   2]
 [  4   1  21 904   0  37   3   9  17   4]
 [  5   0   2   0 935   1  18   2   9  28]
 [  4   4   0  24   0 952  10   0   6   0]
 [ 14   2   5   1   2  15 960   0   1   0]
 [  4   7  14   3  16   0   1 933   8  14]
 [  2   7   4  14   0   7   8   2 948   8]
 [  3   3   4  11  17   7   0  13  25 917]]
[2020-07-15 00:38:33,408][__main__][INFO] - confusion_matrix_prob=
[[0.981 0.    0.001 0.002 0.004 0.005 0.004 0.    0.002 0.001]
 [0.    0.982 0.008 0.002 0.001 0.001 0.001 0.002 0.002 0.001]
 [0.004 0.002 0.942 0.001 0.015 0.001 0.01  0.01  0.013 0.002]
 [0.004 0.001 0.021 0.904 0.    0.037 0.003 0.009 0.017 0.004]
 [0.005 0.    0.002 0.    0.935 0.001 0.018 0.002 0.009 0.028]
 [0.004 0.004 0.    0.024 0.    0.952 0.01  0.    0.006 0.   ]
 [0.014 0.002 0.005 0.001 0.002 0.015 0.96  0.    0.001 0.   ]
 [0.004 0.007 0.014 0.003 0.016 0.    0.001 0.933 0.008 0.014]
 [0.002 0.007 0.004 0.014 0.    0.007 0.008 0.002 0.948 0.008]
 [0.003 0.003 0.004 0.011 0.017 0.007 0.    0.013 0.025 0.917]]
[2020-07-15 00:38:33,410][__main__][INFO] - ac_score=0.9454
[2020-07-15 00:38:33,410][__main__][INFO] - best  1: 0.982
[2020-07-15 00:38:33,410][__main__][INFO] - worst 3: 0.904
[2020-07-15 00:38:33,410][__main__][INFO] - max_index=(3, 5): 37
[2020-07-15 00:38:33,419][__main__][INFO] - classification_report=
              precision    recall  f1-score   support

           0     0.9608    0.9810    0.9708      1000
           1     0.9742    0.9820    0.9781      1000
           2     0.9411    0.9420    0.9415      1000
           3     0.9397    0.9040    0.9215      1000
           4     0.9444    0.9350    0.9397      1000
           5     0.9279    0.9520    0.9398      1000
           6     0.9458    0.9600    0.9529      1000
           7     0.9609    0.9330    0.9467      1000
           8     0.9195    0.9480    0.9335      1000
           9     0.9405    0.9170    0.9286      1000

    accuracy                         0.9454     10000
   macro avg     0.9455    0.9454    0.9453     10000
weighted avg     0.9455    0.9454    0.9453     10000

