[2020-07-14 23:48:55,088][__main__][INFO] - 
aug_n: 15
classifier:
  class: sklearn.svm.SVC
seed: 0
transforms:
- class: torchvision.transforms.RandomAffine
  params:
    degrees: 15
- class: torchvision.transforms.RandomAffine
  params:
    degrees: 0
    scale:
    - 0.8
    - 1.2
- class: torchvision.transforms.ToTensor
- class: torchvision.transforms.RandomErasing
  params:
    p: 0.2
    ratio:
    - 0.5
    - 2
    scale:
    - 0.1
    - 0.1
- class: torchvision.transforms.ToPILImage

[2020-07-14 23:48:55,089][__main__][INFO] - train_list, test_list
[2020-07-14 23:48:55,140][__main__][INFO] - len(train_list)=2000
[2020-07-14 23:48:55,140][__main__][INFO] - len(test_list)=10000
[2020-07-14 23:48:55,140][__main__][INFO] - train_images, test_images
[2020-07-14 23:48:55,485][__main__][INFO] - len(image_list)=2000
[2020-07-14 23:48:56,472][__main__][INFO] - len(image_list)=10000
[2020-07-14 23:48:56,472][__main__][INFO] - train_class, test_class
[2020-07-14 23:48:56,472][__main__][INFO] - len(class_list)=2000
[2020-07-14 23:48:56,473][__main__][INFO] - len(class_list)=10000
[2020-07-14 23:48:56,474][__main__][INFO] - transforms=Compose(
    RandomAffine(degrees=(-15, 15))
    RandomAffine(degrees=(0, 0), scale=[0.8, 1.2])
    ToTensor()
    <torchvision.transforms.transforms.RandomErasing object at 0x7f3497abce50>
    ToPILImage()
)
[2020-07-14 23:49:01,195][__main__][INFO] - len(image_list)=32000
[2020-07-14 23:49:01,195][__main__][INFO] - len(class_list)=32000
[2020-07-14 23:49:02,009][__main__][INFO] - classifier.fit
[2020-07-14 23:51:07,526][__main__][INFO] - classifier.predict
[2020-07-14 23:52:15,675][__main__][INFO] - confusion_matrix=
[[977   1   1   1   5   5   4   0   6   0]
 [  0 984   7   2   1   0   1   1   3   1]
 [  3   2 952   3  10   1   6   7  14   2]
 [  6   1  16 920   0  24   2   5  23   3]
 [  8   0   2   0 945   0  16   1   6  22]
 [  4   3   1  15   1 955  11   0   5   5]
 [ 12   2   5   1   2   8 967   0   3   0]
 [  4   7  13   5  15   0   1 928   6  21]
 [  2   5   5  10   1   6   5   1 957   8]
 [  3   2   2  11  15   4   0  10  16 937]]
[2020-07-14 23:52:15,676][__main__][INFO] - confusion_matrix_prob=
[[0.977 0.001 0.001 0.001 0.005 0.005 0.004 0.    0.006 0.   ]
 [0.    0.984 0.007 0.002 0.001 0.    0.001 0.001 0.003 0.001]
 [0.003 0.002 0.952 0.003 0.01  0.001 0.006 0.007 0.014 0.002]
 [0.006 0.001 0.016 0.92  0.    0.024 0.002 0.005 0.023 0.003]
 [0.008 0.    0.002 0.    0.945 0.    0.016 0.001 0.006 0.022]
 [0.004 0.003 0.001 0.015 0.001 0.955 0.011 0.    0.005 0.005]
 [0.012 0.002 0.005 0.001 0.002 0.008 0.967 0.    0.003 0.   ]
 [0.004 0.007 0.013 0.005 0.015 0.    0.001 0.928 0.006 0.021]
 [0.002 0.005 0.005 0.01  0.001 0.006 0.005 0.001 0.957 0.008]
 [0.003 0.002 0.002 0.011 0.015 0.004 0.    0.01  0.016 0.937]]
[2020-07-14 23:52:15,678][__main__][INFO] - ac_score=0.9522
[2020-07-14 23:52:15,678][__main__][INFO] - best  1: 0.984
[2020-07-14 23:52:15,678][__main__][INFO] - worst 3: 0.92
[2020-07-14 23:52:15,678][__main__][INFO] - max_index=(3, 5): 24
[2020-07-14 23:52:15,686][__main__][INFO] - classification_report=
              precision    recall  f1-score   support

           0     0.9588    0.9770    0.9678      1000
           1     0.9772    0.9840    0.9806      1000
           2     0.9482    0.9520    0.9501      1000
           3     0.9504    0.9200    0.9350      1000
           4     0.9497    0.9450    0.9474      1000
           5     0.9521    0.9550    0.9536      1000
           6     0.9546    0.9670    0.9608      1000
           7     0.9738    0.9280    0.9503      1000
           8     0.9211    0.9570    0.9387      1000
           9     0.9379    0.9370    0.9375      1000

    accuracy                         0.9522     10000
   macro avg     0.9524    0.9522    0.9522     10000
weighted avg     0.9524    0.9522    0.9522     10000

