[2020-07-15 00:53:11,946][__main__][INFO] - 
aug_n: 19
classifier:
  class: sklearn.svm.SVC
seed: 0
transforms:
- class: torchvision.transforms.RandomAffine
  params:
    degrees: 10
- class: torchvision.transforms.RandomAffine
  params:
    degrees: 0
    scale:
    - 0.8
    - 1.2

[2020-07-15 00:53:11,947][__main__][INFO] - train_list, test_list
[2020-07-15 00:53:11,998][__main__][INFO] - len(train_list)=2000
[2020-07-15 00:53:11,998][__main__][INFO] - len(test_list)=10000
[2020-07-15 00:53:11,998][__main__][INFO] - train_images, test_images
[2020-07-15 00:53:12,289][__main__][INFO] - len(image_list)=2000
[2020-07-15 00:53:13,224][__main__][INFO] - len(image_list)=10000
[2020-07-15 00:53:13,224][__main__][INFO] - train_class, test_class
[2020-07-15 00:53:13,225][__main__][INFO] - len(class_list)=2000
[2020-07-15 00:53:13,226][__main__][INFO] - len(class_list)=10000
[2020-07-15 00:53:13,226][__main__][INFO] - transforms=Compose(
    RandomAffine(degrees=(-10, 10))
    RandomAffine(degrees=(0, 0), scale=[0.8, 1.2])
)
[2020-07-15 00:53:15,751][__main__][INFO] - len(image_list)=40000
[2020-07-15 00:53:15,752][__main__][INFO] - len(class_list)=40000
[2020-07-15 00:53:16,585][__main__][INFO] - classifier.fit
[2020-07-15 00:55:29,500][__main__][INFO] - classifier.predict
[2020-07-15 00:56:33,907][__main__][INFO] - confusion_matrix=
[[980   0   1   1   5   6   4   0   3   0]
 [  0 981   8   2   1   2   1   2   2   1]
 [  5   3 951   1   9   2   8   8  12   1]
 [  6   0  22 918   0  26   3   7  15   3]
 [  7   0   3   0 938   1  16   1   8  26]
 [  5   4   0  23   0 951   9   0   7   1]
 [ 11   1   4   1   1  16 965   0   1   0]
 [  4   5  12   3  12   2   1 933   9  19]
 [  1   5   7  15   1  12   4   2 943  10]
 [  2   2   4  13  14   5   0  10  22 928]]
[2020-07-15 00:56:33,908][__main__][INFO] - confusion_matrix_prob=
[[0.98  0.    0.001 0.001 0.005 0.006 0.004 0.    0.003 0.   ]
 [0.    0.981 0.008 0.002 0.001 0.002 0.001 0.002 0.002 0.001]
 [0.005 0.003 0.951 0.001 0.009 0.002 0.008 0.008 0.012 0.001]
 [0.006 0.    0.022 0.918 0.    0.026 0.003 0.007 0.015 0.003]
 [0.007 0.    0.003 0.    0.938 0.001 0.016 0.001 0.008 0.026]
 [0.005 0.004 0.    0.023 0.    0.951 0.009 0.    0.007 0.001]
 [0.011 0.001 0.004 0.001 0.001 0.016 0.965 0.    0.001 0.   ]
 [0.004 0.005 0.012 0.003 0.012 0.002 0.001 0.933 0.009 0.019]
 [0.001 0.005 0.007 0.015 0.001 0.012 0.004 0.002 0.943 0.01 ]
 [0.002 0.002 0.004 0.013 0.014 0.005 0.    0.01  0.022 0.928]]
[2020-07-15 00:56:33,910][__main__][INFO] - ac_score=0.9488
[2020-07-15 00:56:33,910][__main__][INFO] - best  1: 0.981
[2020-07-15 00:56:33,910][__main__][INFO] - worst 3: 0.918
[2020-07-15 00:56:33,910][__main__][INFO] - max_index=(3, 5): 26
[2020-07-15 00:56:33,918][__main__][INFO] - classification_report=
              precision    recall  f1-score   support

           0     0.9598    0.9800    0.9698      1000
           1     0.9800    0.9810    0.9805      1000
           2     0.9397    0.9510    0.9453      1000
           3     0.9396    0.9180    0.9287      1000
           4     0.9562    0.9380    0.9470      1000
           5     0.9296    0.9510    0.9402      1000
           6     0.9545    0.9650    0.9597      1000
           7     0.9688    0.9330    0.9506      1000
           8     0.9227    0.9430    0.9327      1000
           9     0.9383    0.9280    0.9331      1000

    accuracy                         0.9488     10000
   macro avg     0.9489    0.9488    0.9488     10000
weighted avg     0.9489    0.9488    0.9488     10000

