[2020-07-15 01:46:36,641][__main__][INFO] - 
aug_n: 19
classifier:
  class: sklearn.svm.SVC
seed: 0
transforms:
- class: torchvision.transforms.RandomAffine
  params:
    degrees: 15
- class: torchvision.transforms.RandomAffine
  params:
    degrees: 0
    scale:
    - 0.8
    - 1.2
- class: torchvision.transforms.ToTensor
- class: torchvision.transforms.ToPILImage

[2020-07-15 01:46:36,642][__main__][INFO] - train_list, test_list
[2020-07-15 01:46:36,693][__main__][INFO] - len(train_list)=2000
[2020-07-15 01:46:36,693][__main__][INFO] - len(test_list)=10000
[2020-07-15 01:46:36,693][__main__][INFO] - train_images, test_images
[2020-07-15 01:46:36,994][__main__][INFO] - len(image_list)=2000
[2020-07-15 01:46:37,930][__main__][INFO] - len(image_list)=10000
[2020-07-15 01:46:37,930][__main__][INFO] - train_class, test_class
[2020-07-15 01:46:37,930][__main__][INFO] - len(class_list)=2000
[2020-07-15 01:46:37,932][__main__][INFO] - len(class_list)=10000
[2020-07-15 01:46:37,932][__main__][INFO] - transforms=Compose(
    RandomAffine(degrees=(-15, 15))
    RandomAffine(degrees=(0, 0), scale=[0.8, 1.2])
    ToTensor()
    ToPILImage()
)
[2020-07-15 01:46:43,545][__main__][INFO] - len(image_list)=40000
[2020-07-15 01:46:43,545][__main__][INFO] - len(class_list)=40000
[2020-07-15 01:46:44,478][__main__][INFO] - classifier.fit
[2020-07-15 01:49:18,398][__main__][INFO] - classifier.predict
[2020-07-15 01:50:33,953][__main__][INFO] - confusion_matrix=
[[978   0   1   1   5   6   5   0   4   0]
 [  0 984   8   1   1   0   1   2   1   2]
 [  4   3 956   2   9   2   7   8   8   1]
 [  5   0  17 928   0  21   3   7  16   3]
 [  5   1   3   0 947   0  15   1   5  23]
 [  3   2   0  21   1 959   9   0   4   1]
 [  8   1   5   0   2  14 969   0   1   0]
 [  4   6  10   3  13   1   0 932   8  23]
 [  3   4   6  12   3   8   5   0 951   8]
 [  1   1   4  10  16   5   0   9  14 940]]
[2020-07-15 01:50:33,954][__main__][INFO] - confusion_matrix_prob=
[[0.978 0.    0.001 0.001 0.005 0.006 0.005 0.    0.004 0.   ]
 [0.    0.984 0.008 0.001 0.001 0.    0.001 0.002 0.001 0.002]
 [0.004 0.003 0.956 0.002 0.009 0.002 0.007 0.008 0.008 0.001]
 [0.005 0.    0.017 0.928 0.    0.021 0.003 0.007 0.016 0.003]
 [0.005 0.001 0.003 0.    0.947 0.    0.015 0.001 0.005 0.023]
 [0.003 0.002 0.    0.021 0.001 0.959 0.009 0.    0.004 0.001]
 [0.008 0.001 0.005 0.    0.002 0.014 0.969 0.    0.001 0.   ]
 [0.004 0.006 0.01  0.003 0.013 0.001 0.    0.932 0.008 0.023]
 [0.003 0.004 0.006 0.012 0.003 0.008 0.005 0.    0.951 0.008]
 [0.001 0.001 0.004 0.01  0.016 0.005 0.    0.009 0.014 0.94 ]]
[2020-07-15 01:50:33,956][__main__][INFO] - ac_score=0.9544
[2020-07-15 01:50:33,956][__main__][INFO] - best  1: 0.984
[2020-07-15 01:50:33,956][__main__][INFO] - worst 3: 0.928
[2020-07-15 01:50:33,956][__main__][INFO] - max_index=(4, 9): 23
[2020-07-15 01:50:33,965][__main__][INFO] - classification_report=
              precision    recall  f1-score   support

           0     0.9674    0.9780    0.9727      1000
           1     0.9820    0.9840    0.9830      1000
           2     0.9465    0.9560    0.9512      1000
           3     0.9489    0.9280    0.9383      1000
           4     0.9498    0.9470    0.9484      1000
           5     0.9439    0.9590    0.9514      1000
           6     0.9556    0.9690    0.9623      1000
           7     0.9718    0.9320    0.9515      1000
           8     0.9397    0.9510    0.9453      1000
           9     0.9391    0.9400    0.9395      1000

    accuracy                         0.9544     10000
   macro avg     0.9545    0.9544    0.9544     10000
weighted avg     0.9545    0.9544    0.9544     10000

