[2020-07-15 00:34:58,625][__main__][INFO] - 
aug_n: 9
classifier:
  class: sklearn.svm.SVC
seed: 0
transforms:
- class: torchvision.transforms.RandomAffine
  params:
    degrees: 0
    shear: 15
- class: torchvision.transforms.RandomAffine
  params:
    degrees: 0
    scale:
    - 0.8
    - 1.2
- class: torchvision.transforms.ToTensor
- class: torchvision.transforms.ToPILImage

[2020-07-15 00:34:58,626][__main__][INFO] - train_list, test_list
[2020-07-15 00:34:58,677][__main__][INFO] - len(train_list)=2000
[2020-07-15 00:34:58,677][__main__][INFO] - len(test_list)=10000
[2020-07-15 00:34:58,677][__main__][INFO] - train_images, test_images
[2020-07-15 00:34:58,997][__main__][INFO] - len(image_list)=2000
[2020-07-15 00:34:59,960][__main__][INFO] - len(image_list)=10000
[2020-07-15 00:34:59,960][__main__][INFO] - train_class, test_class
[2020-07-15 00:34:59,960][__main__][INFO] - len(class_list)=2000
[2020-07-15 00:34:59,962][__main__][INFO] - len(class_list)=10000
[2020-07-15 00:34:59,962][__main__][INFO] - transforms=Compose(
    RandomAffine(degrees=(0, 0), shear=(-15, 15))
    RandomAffine(degrees=(0, 0), scale=[0.8, 1.2])
    ToTensor()
    ToPILImage()
)
[2020-07-15 00:35:02,603][__main__][INFO] - len(image_list)=20000
[2020-07-15 00:35:02,603][__main__][INFO] - len(class_list)=20000
[2020-07-15 00:35:03,300][__main__][INFO] - classifier.fit
[2020-07-15 00:35:54,307][__main__][INFO] - classifier.predict
[2020-07-15 00:36:37,534][__main__][INFO] - confusion_matrix=
[[985   0   0   1   4   5   3   0   2   0]
 [  0 979   8   5   1   0   1   1   3   2]
 [  6   2 940   2  16   2   9  10  12   1]
 [  4   0  21 905   1  29   4   8  20   8]
 [  6   1   2   0 935   0  15   1   7  33]
 [  8   3   0  27   3 941  10   0   7   1]
 [ 13   0   4   0   2  13 966   0   2   0]
 [  6   7  11   3  11   1   1 941   7  12]
 [  4   5   3  10   1   8   9   3 947  10]
 [  4   1   2  11  13   4   1  19  19 926]]
[2020-07-15 00:36:37,535][__main__][INFO] - confusion_matrix_prob=
[[0.985 0.    0.    0.001 0.004 0.005 0.003 0.    0.002 0.   ]
 [0.    0.979 0.008 0.005 0.001 0.    0.001 0.001 0.003 0.002]
 [0.006 0.002 0.94  0.002 0.016 0.002 0.009 0.01  0.012 0.001]
 [0.004 0.    0.021 0.905 0.001 0.029 0.004 0.008 0.02  0.008]
 [0.006 0.001 0.002 0.    0.935 0.    0.015 0.001 0.007 0.033]
 [0.008 0.003 0.    0.027 0.003 0.941 0.01  0.    0.007 0.001]
 [0.013 0.    0.004 0.    0.002 0.013 0.966 0.    0.002 0.   ]
 [0.006 0.007 0.011 0.003 0.011 0.001 0.001 0.941 0.007 0.012]
 [0.004 0.005 0.003 0.01  0.001 0.008 0.009 0.003 0.947 0.01 ]
 [0.004 0.001 0.002 0.011 0.013 0.004 0.001 0.019 0.019 0.926]]
[2020-07-15 00:36:37,537][__main__][INFO] - ac_score=0.9465
[2020-07-15 00:36:37,537][__main__][INFO] - best  0: 0.985
[2020-07-15 00:36:37,537][__main__][INFO] - worst 3: 0.905
[2020-07-15 00:36:37,537][__main__][INFO] - max_index=(4, 9): 33
[2020-07-15 00:36:37,545][__main__][INFO] - classification_report=
              precision    recall  f1-score   support

           0     0.9508    0.9850    0.9676      1000
           1     0.9810    0.9790    0.9800      1000
           2     0.9485    0.9400    0.9442      1000
           3     0.9388    0.9050    0.9216      1000
           4     0.9473    0.9350    0.9411      1000
           5     0.9382    0.9410    0.9396      1000
           6     0.9480    0.9660    0.9569      1000
           7     0.9573    0.9410    0.9491      1000
           8     0.9230    0.9470    0.9348      1000
           9     0.9325    0.9260    0.9293      1000

    accuracy                         0.9465     10000
   macro avg     0.9465    0.9465    0.9464     10000
weighted avg     0.9465    0.9465    0.9464     10000

