[2020-07-14 20:03:18,685][__main__][INFO] - 
aug_n: 9
classifier:
  class: sklearn.svm.SVC
seed: 0
transforms:
- class: torchvision.transforms.RandomAffine
  params:
    degrees: 15
- class: torchvision.transforms.RandomAffine
  params:
    degrees: 0
    scale:
    - 0.8
    - 1.2

[2020-07-14 20:03:18,685][__main__][INFO] - train_list, test_list
[2020-07-14 20:03:18,736][__main__][INFO] - len(train_list)=2000
[2020-07-14 20:03:18,736][__main__][INFO] - len(test_list)=10000
[2020-07-14 20:03:18,736][__main__][INFO] - train_images, test_images
[2020-07-14 20:03:19,077][__main__][INFO] - len(image_list)=2000
[2020-07-14 20:03:20,038][__main__][INFO] - len(image_list)=10000
[2020-07-14 20:03:20,038][__main__][INFO] - train_class, test_class
[2020-07-14 20:03:20,038][__main__][INFO] - len(class_list)=2000
[2020-07-14 20:03:20,040][__main__][INFO] - len(class_list)=10000
[2020-07-14 20:03:20,040][__main__][INFO] - transforms=Compose(
    RandomAffine(degrees=(-15, 15))
    RandomAffine(degrees=(0, 0), scale=[0.8, 1.2])
)
[2020-07-14 20:03:21,319][__main__][INFO] - len(image_list)=20000
[2020-07-14 20:03:21,319][__main__][INFO] - len(class_list)=20000
[2020-07-14 20:03:21,973][__main__][INFO] - classifier.fit
[2020-07-14 20:04:16,974][__main__][INFO] - classifier.predict
[2020-07-14 20:05:03,327][__main__][INFO] - confusion_matrix=
[[978   0   0   1   5   6   6   0   4   0]
 [  0 983   8   2   1   1   1   2   1   1]
 [  4   5 947   1  10   3  10   7  11   2]
 [  4   0  22 923   0  24   3   9  13   2]
 [  4   1   2   0 946   0  13   1   7  26]
 [  4   1   0  27   1 951   9   0   6   1]
 [ 10   2   5   0   3  14 964   0   2   0]
 [  3   7  12   4  11   0   1 933  10  19]
 [  2   7   4  12   2  11   7   2 945   8]
 [  3   1   4  13  19   4   0  12  13 931]]
[2020-07-14 20:05:03,328][__main__][INFO] - confusion_matrix_prob=
[[0.978 0.    0.    0.001 0.005 0.006 0.006 0.    0.004 0.   ]
 [0.    0.983 0.008 0.002 0.001 0.001 0.001 0.002 0.001 0.001]
 [0.004 0.005 0.947 0.001 0.01  0.003 0.01  0.007 0.011 0.002]
 [0.004 0.    0.022 0.923 0.    0.024 0.003 0.009 0.013 0.002]
 [0.004 0.001 0.002 0.    0.946 0.    0.013 0.001 0.007 0.026]
 [0.004 0.001 0.    0.027 0.001 0.951 0.009 0.    0.006 0.001]
 [0.01  0.002 0.005 0.    0.003 0.014 0.964 0.    0.002 0.   ]
 [0.003 0.007 0.012 0.004 0.011 0.    0.001 0.933 0.01  0.019]
 [0.002 0.007 0.004 0.012 0.002 0.011 0.007 0.002 0.945 0.008]
 [0.003 0.001 0.004 0.013 0.019 0.004 0.    0.012 0.013 0.931]]
[2020-07-14 20:05:03,330][__main__][INFO] - ac_score=0.9501
[2020-07-14 20:05:03,330][__main__][INFO] - best  1: 0.983
[2020-07-14 20:05:03,330][__main__][INFO] - worst 3: 0.923
[2020-07-14 20:05:03,330][__main__][INFO] - max_index=(5, 3): 27
[2020-07-14 20:05:03,338][__main__][INFO] - classification_report=
              precision    recall  f1-score   support

           0     0.9664    0.9780    0.9722      1000
           1     0.9762    0.9830    0.9796      1000
           2     0.9432    0.9470    0.9451      1000
           3     0.9390    0.9230    0.9309      1000
           4     0.9479    0.9460    0.9469      1000
           5     0.9379    0.9510    0.9444      1000
           6     0.9507    0.9640    0.9573      1000
           7     0.9658    0.9330    0.9491      1000
           8     0.9338    0.9450    0.9394      1000
           9     0.9404    0.9310    0.9357      1000

    accuracy                         0.9501     10000
   macro avg     0.9501    0.9501    0.9501     10000
weighted avg     0.9501    0.9501    0.9501     10000

