[2020-07-14 19:40:29,828][__main__][INFO] - 
aug_n: 0
classifier:
  class: sklearn.svm.SVC
seed: 0
transforms: null

[2020-07-14 19:40:29,829][__main__][INFO] - train_list, test_list
[2020-07-14 19:40:29,879][__main__][INFO] - len(train_list)=2000
[2020-07-14 19:40:29,879][__main__][INFO] - len(test_list)=10000
[2020-07-14 19:40:29,879][__main__][INFO] - train_images, test_images
[2020-07-14 19:40:30,195][__main__][INFO] - len(image_list)=2000
[2020-07-14 19:40:31,107][__main__][INFO] - len(image_list)=10000
[2020-07-14 19:40:31,107][__main__][INFO] - train_class, test_class
[2020-07-14 19:40:31,107][__main__][INFO] - len(class_list)=2000
[2020-07-14 19:40:31,109][__main__][INFO] - len(class_list)=10000
[2020-07-14 19:40:31,109][__main__][INFO] - transforms=Compose(
)
[2020-07-14 19:40:31,109][__main__][INFO] - len(image_list)=2000
[2020-07-14 19:40:31,109][__main__][INFO] - len(class_list)=2000
[2020-07-14 19:40:31,675][__main__][INFO] - classifier.fit
[2020-07-14 19:40:32,959][__main__][INFO] - classifier.predict
[2020-07-14 19:40:40,243][__main__][INFO] - confusion_matrix=
[[963   0   4   1   4  12  10   0   5   1]
 [  0 979   7   4   2   5   1   0   2   0]
 [  4   3 926   3  23   5  10   6  18   2]
 [  6   4  28 878   1  47   5   8  17   6]
 [  2   1   4   0 937   6  13   1   8  28]
 [  3   5   1  28   5 934  11   1   7   5]
 [ 17   8   7   1   5  26 934   0   2   0]
 [  4  17  15   7  19   4   0 895   7  32]
 [  2  11   9  12   1  31   8   0 919   7]
 [  5   5   5  11  43   9   0  22  40 860]]
[2020-07-14 19:40:40,244][__main__][INFO] - confusion_matrix_prob=
[[0.963 0.    0.004 0.001 0.004 0.012 0.01  0.    0.005 0.001]
 [0.    0.979 0.007 0.004 0.002 0.005 0.001 0.    0.002 0.   ]
 [0.004 0.003 0.926 0.003 0.023 0.005 0.01  0.006 0.018 0.002]
 [0.006 0.004 0.028 0.878 0.001 0.047 0.005 0.008 0.017 0.006]
 [0.002 0.001 0.004 0.    0.937 0.006 0.013 0.001 0.008 0.028]
 [0.003 0.005 0.001 0.028 0.005 0.934 0.011 0.001 0.007 0.005]
 [0.017 0.008 0.007 0.001 0.005 0.026 0.934 0.    0.002 0.   ]
 [0.004 0.017 0.015 0.007 0.019 0.004 0.    0.895 0.007 0.032]
 [0.002 0.011 0.009 0.012 0.001 0.031 0.008 0.    0.919 0.007]
 [0.005 0.005 0.005 0.011 0.043 0.009 0.    0.022 0.04  0.86 ]]
[2020-07-14 19:40:40,246][__main__][INFO] - ac_score=0.9225
[2020-07-14 19:40:40,246][__main__][INFO] - best  1: 0.979
[2020-07-14 19:40:40,246][__main__][INFO] - worst 9: 0.86
[2020-07-14 19:40:40,246][__main__][INFO] - max_index=(3, 5): 47
[2020-07-14 19:40:40,255][__main__][INFO] - classification_report=
              precision    recall  f1-score   support

           0     0.9573    0.9630    0.9601      1000
           1     0.9477    0.9790    0.9631      1000
           2     0.9205    0.9260    0.9232      1000
           3     0.9291    0.8780    0.9028      1000
           4     0.9010    0.9370    0.9186      1000
           5     0.8656    0.9340    0.8985      1000
           6     0.9415    0.9340    0.9378      1000
           7     0.9593    0.8950    0.9260      1000
           8     0.8966    0.9190    0.9077      1000
           9     0.9139    0.8600    0.8861      1000

    accuracy                         0.9225     10000
   macro avg     0.9232    0.9225    0.9224     10000
weighted avg     0.9232    0.9225    0.9224     10000

