[2020-07-15 00:26:39,196][__main__][INFO] - 
aug_n: 9
classifier:
  class: sklearn.svm.SVC
seed: 0
transforms:
- class: torchvision.transforms.RandomAffine
  params:
    degrees: 0
    scale:
    - 0.8
    - 1.2
- class: torchvision.transforms.RandomAffine
  params:
    degrees: 15
- class: torchvision.transforms.ToTensor
- class: torchvision.transforms.ToPILImage

[2020-07-15 00:26:39,196][__main__][INFO] - train_list, test_list
[2020-07-15 00:26:39,245][__main__][INFO] - len(train_list)=2000
[2020-07-15 00:26:39,245][__main__][INFO] - len(test_list)=10000
[2020-07-15 00:26:39,245][__main__][INFO] - train_images, test_images
[2020-07-15 00:26:39,558][__main__][INFO] - len(image_list)=2000
[2020-07-15 00:26:40,498][__main__][INFO] - len(image_list)=10000
[2020-07-15 00:26:40,498][__main__][INFO] - train_class, test_class
[2020-07-15 00:26:40,498][__main__][INFO] - len(class_list)=2000
[2020-07-15 00:26:40,500][__main__][INFO] - len(class_list)=10000
[2020-07-15 00:26:40,500][__main__][INFO] - transforms=Compose(
    RandomAffine(degrees=(0, 0), scale=[0.8, 1.2])
    RandomAffine(degrees=(-15, 15))
    ToTensor()
    ToPILImage()
)
[2020-07-15 00:26:43,184][__main__][INFO] - len(image_list)=20000
[2020-07-15 00:26:43,184][__main__][INFO] - len(class_list)=20000
[2020-07-15 00:26:43,903][__main__][INFO] - classifier.fit
[2020-07-15 00:27:37,927][__main__][INFO] - classifier.predict
[2020-07-15 00:28:24,728][__main__][INFO] - confusion_matrix=
[[981   0   1   2   5   5   3   0   3   0]
 [  0 979   8   3   1   0   1   1   4   3]
 [  4   4 948   2  10   2   7   8  13   2]
 [  6   1  21 917   0  27   2   6  16   4]
 [  4   1   3   0 948   0  12   1   6  25]
 [  4   2   0  23   0 953  11   0   5   2]
 [ 12   2   9   0   1  13 962   0   1   0]
 [  4   8  13   5  14   0   1 928   9  18]
 [  1   3   9  14   3  13   5   0 946   6]
 [  2   2   5  13  17   4   1  13  16 927]]
[2020-07-15 00:28:24,729][__main__][INFO] - confusion_matrix_prob=
[[0.981 0.    0.001 0.002 0.005 0.005 0.003 0.    0.003 0.   ]
 [0.    0.979 0.008 0.003 0.001 0.    0.001 0.001 0.004 0.003]
 [0.004 0.004 0.948 0.002 0.01  0.002 0.007 0.008 0.013 0.002]
 [0.006 0.001 0.021 0.917 0.    0.027 0.002 0.006 0.016 0.004]
 [0.004 0.001 0.003 0.    0.948 0.    0.012 0.001 0.006 0.025]
 [0.004 0.002 0.    0.023 0.    0.953 0.011 0.    0.005 0.002]
 [0.012 0.002 0.009 0.    0.001 0.013 0.962 0.    0.001 0.   ]
 [0.004 0.008 0.013 0.005 0.014 0.    0.001 0.928 0.009 0.018]
 [0.001 0.003 0.009 0.014 0.003 0.013 0.005 0.    0.946 0.006]
 [0.002 0.002 0.005 0.013 0.017 0.004 0.001 0.013 0.016 0.927]]
[2020-07-15 00:28:24,731][__main__][INFO] - ac_score=0.9489
[2020-07-15 00:28:24,731][__main__][INFO] - best  0: 0.981
[2020-07-15 00:28:24,731][__main__][INFO] - worst 3: 0.917
[2020-07-15 00:28:24,731][__main__][INFO] - max_index=(3, 5): 27
[2020-07-15 00:28:24,740][__main__][INFO] - classification_report=
              precision    recall  f1-score   support

           0     0.9637    0.9810    0.9722      1000
           1     0.9770    0.9790    0.9780      1000
           2     0.9322    0.9480    0.9400      1000
           3     0.9367    0.9170    0.9267      1000
           4     0.9489    0.9480    0.9485      1000
           5     0.9371    0.9530    0.9450      1000
           6     0.9572    0.9620    0.9596      1000
           7     0.9697    0.9280    0.9484      1000
           8     0.9284    0.9460    0.9371      1000
           9     0.9392    0.9270    0.9331      1000

    accuracy                         0.9489     10000
   macro avg     0.9490    0.9489    0.9489     10000
weighted avg     0.9490    0.9489    0.9489     10000

