[2020-07-14 23:15:43,745][__main__][INFO] - 
aug_n: 15
classifier:
  class: sklearn.svm.SVC
seed: 0
transforms:
- class: torchvision.transforms.RandomAffine
  params:
    degrees: 15
- class: torchvision.transforms.RandomAffine
  params:
    degrees: 0
    scale:
    - 0.8
    - 1.2

[2020-07-14 23:15:43,745][__main__][INFO] - train_list, test_list
[2020-07-14 23:15:43,797][__main__][INFO] - len(train_list)=2000
[2020-07-14 23:15:43,797][__main__][INFO] - len(test_list)=10000
[2020-07-14 23:15:43,797][__main__][INFO] - train_images, test_images
[2020-07-14 23:15:44,123][__main__][INFO] - len(image_list)=2000
[2020-07-14 23:15:45,102][__main__][INFO] - len(image_list)=10000
[2020-07-14 23:15:45,102][__main__][INFO] - train_class, test_class
[2020-07-14 23:15:45,102][__main__][INFO] - len(class_list)=2000
[2020-07-14 23:15:45,103][__main__][INFO] - len(class_list)=10000
[2020-07-14 23:15:45,104][__main__][INFO] - transforms=Compose(
    RandomAffine(degrees=(-15, 15))
    RandomAffine(degrees=(0, 0), scale=[0.8, 1.2])
)
[2020-07-14 23:15:47,144][__main__][INFO] - len(image_list)=32000
[2020-07-14 23:15:47,144][__main__][INFO] - len(class_list)=32000
[2020-07-14 23:15:47,939][__main__][INFO] - classifier.fit
[2020-07-14 23:17:43,365][__main__][INFO] - classifier.predict
[2020-07-14 23:18:50,088][__main__][INFO] - confusion_matrix=
[[979   0   1   1   5   5   5   0   4   0]
 [  0 984   8   1   1   0   1   2   1   2]
 [  5   2 955   1   9   3   7   8   9   1]
 [  6   0  21 921   0  22   3   8  16   3]
 [  5   1   2   0 945   0  17   1   5  24]
 [  3   2   0  25   1 955   9   0   5   0]
 [  8   1   4   0   2  14 970   0   1   0]
 [  5   6  11   3  14   0   1 932   7  21]
 [  4   7   5  12   3  10   5   0 944  10]
 [  3   2   4  12  15   4   0  10  12 938]]
[2020-07-14 23:18:50,088][__main__][INFO] - confusion_matrix_prob=
[[0.979 0.    0.001 0.001 0.005 0.005 0.005 0.    0.004 0.   ]
 [0.    0.984 0.008 0.001 0.001 0.    0.001 0.002 0.001 0.002]
 [0.005 0.002 0.955 0.001 0.009 0.003 0.007 0.008 0.009 0.001]
 [0.006 0.    0.021 0.921 0.    0.022 0.003 0.008 0.016 0.003]
 [0.005 0.001 0.002 0.    0.945 0.    0.017 0.001 0.005 0.024]
 [0.003 0.002 0.    0.025 0.001 0.955 0.009 0.    0.005 0.   ]
 [0.008 0.001 0.004 0.    0.002 0.014 0.97  0.    0.001 0.   ]
 [0.005 0.006 0.011 0.003 0.014 0.    0.001 0.932 0.007 0.021]
 [0.004 0.007 0.005 0.012 0.003 0.01  0.005 0.    0.944 0.01 ]
 [0.003 0.002 0.004 0.012 0.015 0.004 0.    0.01  0.012 0.938]]
[2020-07-14 23:18:50,090][__main__][INFO] - ac_score=0.9523
[2020-07-14 23:18:50,090][__main__][INFO] - best  1: 0.984
[2020-07-14 23:18:50,090][__main__][INFO] - worst 3: 0.921
[2020-07-14 23:18:50,090][__main__][INFO] - max_index=(5, 3): 25
[2020-07-14 23:18:50,099][__main__][INFO] - classification_report=
              precision    recall  f1-score   support

           0     0.9617    0.9790    0.9703      1000
           1     0.9791    0.9840    0.9815      1000
           2     0.9446    0.9550    0.9498      1000
           3     0.9436    0.9210    0.9322      1000
           4     0.9497    0.9450    0.9474      1000
           5     0.9427    0.9550    0.9488      1000
           6     0.9528    0.9700    0.9613      1000
           7     0.9698    0.9320    0.9505      1000
           8     0.9402    0.9440    0.9421      1000
           9     0.9389    0.9380    0.9385      1000

    accuracy                         0.9523     10000
   macro avg     0.9523    0.9523    0.9522     10000
weighted avg     0.9523    0.9523    0.9522     10000

